[2020-03-16 19:41:09] local.ERROR: Argument 1 passed to Mpociot\ApiDoc\Tools\DocumentationConfig::__construct() must be of the type array, null given, called in /mnt/c/Users/koude/Eshop/vendor/mpociot/laravel-apidoc-generator/src/Commands/GenerateDocumentation.php on line 61 {"exception":"[object] (Symfony\\Component\\Debug\\Exception\\FatalThrowableError(code: 0): Argument 1 passed to Mpociot\\ApiDoc\\Tools\\DocumentationConfig::__construct() must be of the type array, null given, called in /mnt/c/Users/koude/Eshop/vendor/mpociot/laravel-apidoc-generator/src/Commands/GenerateDocumentation.php on line 61 at /mnt/c/Users/koude/Eshop/vendor/mpociot/laravel-apidoc-generator/src/Tools/DocumentationConfig.php:9)
[stacktrace]
#0 /mnt/c/Users/koude/Eshop/vendor/mpociot/laravel-apidoc-generator/src/Commands/GenerateDocumentation.php(61): Mpociot\\ApiDoc\\Tools\\DocumentationConfig->__construct(NULL)
#1 [internal function]: Mpociot\\ApiDoc\\Commands\\GenerateDocumentation->handle(Object(Mpociot\\ApiDoc\\Matching\\RouteMatcher))
#2 /mnt/c/Users/koude/Eshop/vendor/laravel/framework/src/Illuminate/Container/BoundMethod.php(32): call_user_func_array(Array, Array)
#3 /mnt/c/Users/koude/Eshop/vendor/laravel/framework/src/Illuminate/Container/Util.php(36): Illuminate\\Container\\BoundMethod::Illuminate\\Container\\{closure}()
#4 /mnt/c/Users/koude/Eshop/vendor/laravel/framework/src/Illuminate/Container/BoundMethod.php(90): Illuminate\\Container\\Util::unwrapIfClosure(Object(Closure))
#5 /mnt/c/Users/koude/Eshop/vendor/laravel/framework/src/Illuminate/Container/BoundMethod.php(34): Illuminate\\Container\\BoundMethod::callBoundMethod(Object(Illuminate\\Foundation\\Application), Array, Object(Closure))
#6 /mnt/c/Users/koude/Eshop/vendor/laravel/framework/src/Illuminate/Container/Container.php(590): Illuminate\\Container\\BoundMethod::call(Object(Illuminate\\Foundation\\Application), Array, Array, NULL)
#7 /mnt/c/Users/koude/Eshop/vendor/laravel/framework/src/Illuminate/Console/Command.php(134): Illuminate\\Container\\Container->call(Array)
#8 /mnt/c/Users/koude/Eshop/vendor/symfony/console/Command/Command.php(255): Illuminate\\Console\\Command->execute(Object(Symfony\\Component\\Console\\Input\\ArgvInput), Object(Illuminate\\Console\\OutputStyle))
#9 /mnt/c/Users/koude/Eshop/vendor/laravel/framework/src/Illuminate/Console/Command.php(121): Symfony\\Component\\Console\\Command\\Command->run(Object(Symfony\\Component\\Console\\Input\\ArgvInput), Object(Illuminate\\Console\\OutputStyle))
#10 /mnt/c/Users/koude/Eshop/vendor/symfony/console/Application.php(1001): Illuminate\\Console\\Command->run(Object(Symfony\\Component\\Console\\Input\\ArgvInput), Object(Symfony\\Component\\Console\\Output\\ConsoleOutput))
#11 /mnt/c/Users/koude/Eshop/vendor/symfony/console/Application.php(271): Symfony\\Component\\Console\\Application->doRunCommand(Object(Mpociot\\ApiDoc\\Commands\\GenerateDocumentation), Object(Symfony\\Component\\Console\\Input\\ArgvInput), Object(Symfony\\Component\\Console\\Output\\ConsoleOutput))
#12 /mnt/c/Users/koude/Eshop/vendor/symfony/console/Application.php(147): Symfony\\Component\\Console\\Application->doRun(Object(Symfony\\Component\\Console\\Input\\ArgvInput), Object(Symfony\\Component\\Console\\Output\\ConsoleOutput))
#13 /mnt/c/Users/koude/Eshop/vendor/laravel/framework/src/Illuminate/Console/Application.php(93): Symfony\\Component\\Console\\Application->run(Object(Symfony\\Component\\Console\\Input\\ArgvInput), Object(Symfony\\Component\\Console\\Output\\ConsoleOutput))
#14 /mnt/c/Users/koude/Eshop/vendor/laravel/framework/src/Illuminate/Foundation/Console/Kernel.php(131): Illuminate\\Console\\Application->run(Object(Symfony\\Component\\Console\\Input\\ArgvInput), Object(Symfony\\Component\\Console\\Output\\ConsoleOutput))
#15 /mnt/c/Users/koude/Eshop/artisan(37): Illuminate\\Foundation\\Console\\Kernel->handle(Object(Symfony\\Component\\Console\\Input\\ArgvInput), Object(Symfony\\Component\\Console\\Output\\ConsoleOutput))
#16 {main}
"} 
[2020-03-16 19:47:25] local.ERROR: Argument 1 passed to Mpociot\ApiDoc\Tools\DocumentationConfig::__construct() must be of the type array, null given, called in /mnt/c/Users/koude/Eshop/vendor/mpociot/laravel-apidoc-generator/src/Commands/GenerateDocumentation.php on line 61 {"exception":"[object] (Symfony\\Component\\Debug\\Exception\\FatalThrowableError(code: 0): Argument 1 passed to Mpociot\\ApiDoc\\Tools\\DocumentationConfig::__construct() must be of the type array, null given, called in /mnt/c/Users/koude/Eshop/vendor/mpociot/laravel-apidoc-generator/src/Commands/GenerateDocumentation.php on line 61 at /mnt/c/Users/koude/Eshop/vendor/mpociot/laravel-apidoc-generator/src/Tools/DocumentationConfig.php:9)
[stacktrace]
#0 /mnt/c/Users/koude/Eshop/vendor/mpociot/laravel-apidoc-generator/src/Commands/GenerateDocumentation.php(61): Mpociot\\ApiDoc\\Tools\\DocumentationConfig->__construct(NULL)
#1 [internal function]: Mpociot\\ApiDoc\\Commands\\GenerateDocumentation->handle(Object(Mpociot\\ApiDoc\\Matching\\RouteMatcher))
#2 /mnt/c/Users/koude/Eshop/vendor/laravel/framework/src/Illuminate/Container/BoundMethod.php(32): call_user_func_array(Array, Array)
#3 /mnt/c/Users/koude/Eshop/vendor/laravel/framework/src/Illuminate/Container/Util.php(36): Illuminate\\Container\\BoundMethod::Illuminate\\Container\\{closure}()
#4 /mnt/c/Users/koude/Eshop/vendor/laravel/framework/src/Illuminate/Container/BoundMethod.php(90): Illuminate\\Container\\Util::unwrapIfClosure(Object(Closure))
#5 /mnt/c/Users/koude/Eshop/vendor/laravel/framework/src/Illuminate/Container/BoundMethod.php(34): Illuminate\\Container\\BoundMethod::callBoundMethod(Object(Illuminate\\Foundation\\Application), Array, Object(Closure))
#6 /mnt/c/Users/koude/Eshop/vendor/laravel/framework/src/Illuminate/Container/Container.php(590): Illuminate\\Container\\BoundMethod::call(Object(Illuminate\\Foundation\\Application), Array, Array, NULL)
#7 /mnt/c/Users/koude/Eshop/vendor/laravel/framework/src/Illuminate/Console/Command.php(134): Illuminate\\Container\\Container->call(Array)
#8 /mnt/c/Users/koude/Eshop/vendor/symfony/console/Command/Command.php(255): Illuminate\\Console\\Command->execute(Object(Symfony\\Component\\Console\\Input\\ArgvInput), Object(Illuminate\\Console\\OutputStyle))
#9 /mnt/c/Users/koude/Eshop/vendor/laravel/framework/src/Illuminate/Console/Command.php(121): Symfony\\Component\\Console\\Command\\Command->run(Object(Symfony\\Component\\Console\\Input\\ArgvInput), Object(Illuminate\\Console\\OutputStyle))
#10 /mnt/c/Users/koude/Eshop/vendor/symfony/console/Application.php(1001): Illuminate\\Console\\Command->run(Object(Symfony\\Component\\Console\\Input\\ArgvInput), Object(Symfony\\Component\\Console\\Output\\ConsoleOutput))
#11 /mnt/c/Users/koude/Eshop/vendor/symfony/console/Application.php(271): Symfony\\Component\\Console\\Application->doRunCommand(Object(Mpociot\\ApiDoc\\Commands\\GenerateDocumentation), Object(Symfony\\Component\\Console\\Input\\ArgvInput), Object(Symfony\\Component\\Console\\Output\\ConsoleOutput))
#12 /mnt/c/Users/koude/Eshop/vendor/symfony/console/Application.php(147): Symfony\\Component\\Console\\Application->doRun(Object(Symfony\\Component\\Console\\Input\\ArgvInput), Object(Symfony\\Component\\Console\\Output\\ConsoleOutput))
#13 /mnt/c/Users/koude/Eshop/vendor/laravel/framework/src/Illuminate/Console/Application.php(93): Symfony\\Component\\Console\\Application->run(Object(Symfony\\Component\\Console\\Input\\ArgvInput), Object(Symfony\\Component\\Console\\Output\\ConsoleOutput))
#14 /mnt/c/Users/koude/Eshop/vendor/laravel/framework/src/Illuminate/Foundation/Console/Kernel.php(131): Illuminate\\Console\\Application->run(Object(Symfony\\Component\\Console\\Input\\ArgvInput), Object(Symfony\\Component\\Console\\Output\\ConsoleOutput))
#15 /mnt/c/Users/koude/Eshop/artisan(37): Illuminate\\Foundation\\Console\\Kernel->handle(Object(Symfony\\Component\\Console\\Input\\ArgvInput), Object(Symfony\\Component\\Console\\Output\\ConsoleOutput))
#16 {main}
"} 
[2020-03-16 19:47:50] local.ERROR: Argument 1 passed to Mpociot\ApiDoc\Matching\RouteMatcher::getRoutes() must be of the type array, null given, called in /mnt/c/Users/koude/Eshop/vendor/mpociot/laravel-apidoc-generator/src/Commands/GenerateDocumentation.php on line 66 {"exception":"[object] (Symfony\\Component\\Debug\\Exception\\FatalThrowableError(code: 0): Argument 1 passed to Mpociot\\ApiDoc\\Matching\\RouteMatcher::getRoutes() must be of the type array, null given, called in /mnt/c/Users/koude/Eshop/vendor/mpociot/laravel-apidoc-generator/src/Commands/GenerateDocumentation.php on line 66 at /mnt/c/Users/koude/Eshop/vendor/mpociot/laravel-apidoc-generator/src/Matching/RouteMatcher.php:13)
[stacktrace]
#0 /mnt/c/Users/koude/Eshop/vendor/mpociot/laravel-apidoc-generator/src/Commands/GenerateDocumentation.php(66): Mpociot\\ApiDoc\\Matching\\RouteMatcher->getRoutes(NULL, NULL)
#1 [internal function]: Mpociot\\ApiDoc\\Commands\\GenerateDocumentation->handle(Object(Mpociot\\ApiDoc\\Matching\\RouteMatcher))
#2 /mnt/c/Users/koude/Eshop/vendor/laravel/framework/src/Illuminate/Container/BoundMethod.php(32): call_user_func_array(Array, Array)
#3 /mnt/c/Users/koude/Eshop/vendor/laravel/framework/src/Illuminate/Container/Util.php(36): Illuminate\\Container\\BoundMethod::Illuminate\\Container\\{closure}()
#4 /mnt/c/Users/koude/Eshop/vendor/laravel/framework/src/Illuminate/Container/BoundMethod.php(90): Illuminate\\Container\\Util::unwrapIfClosure(Object(Closure))
#5 /mnt/c/Users/koude/Eshop/vendor/laravel/framework/src/Illuminate/Container/BoundMethod.php(34): Illuminate\\Container\\BoundMethod::callBoundMethod(Object(Illuminate\\Foundation\\Application), Array, Object(Closure))
#6 /mnt/c/Users/koude/Eshop/vendor/laravel/framework/src/Illuminate/Container/Container.php(590): Illuminate\\Container\\BoundMethod::call(Object(Illuminate\\Foundation\\Application), Array, Array, NULL)
#7 /mnt/c/Users/koude/Eshop/vendor/laravel/framework/src/Illuminate/Console/Command.php(134): Illuminate\\Container\\Container->call(Array)
#8 /mnt/c/Users/koude/Eshop/vendor/symfony/console/Command/Command.php(255): Illuminate\\Console\\Command->execute(Object(Symfony\\Component\\Console\\Input\\ArgvInput), Object(Illuminate\\Console\\OutputStyle))
#9 /mnt/c/Users/koude/Eshop/vendor/laravel/framework/src/Illuminate/Console/Command.php(121): Symfony\\Component\\Console\\Command\\Command->run(Object(Symfony\\Component\\Console\\Input\\ArgvInput), Object(Illuminate\\Console\\OutputStyle))
#10 /mnt/c/Users/koude/Eshop/vendor/symfony/console/Application.php(1001): Illuminate\\Console\\Command->run(Object(Symfony\\Component\\Console\\Input\\ArgvInput), Object(Symfony\\Component\\Console\\Output\\ConsoleOutput))
#11 /mnt/c/Users/koude/Eshop/vendor/symfony/console/Application.php(271): Symfony\\Component\\Console\\Application->doRunCommand(Object(Mpociot\\ApiDoc\\Commands\\GenerateDocumentation), Object(Symfony\\Component\\Console\\Input\\ArgvInput), Object(Symfony\\Component\\Console\\Output\\ConsoleOutput))
#12 /mnt/c/Users/koude/Eshop/vendor/symfony/console/Application.php(147): Symfony\\Component\\Console\\Application->doRun(Object(Symfony\\Component\\Console\\Input\\ArgvInput), Object(Symfony\\Component\\Console\\Output\\ConsoleOutput))
#13 /mnt/c/Users/koude/Eshop/vendor/laravel/framework/src/Illuminate/Console/Application.php(93): Symfony\\Component\\Console\\Application->run(Object(Symfony\\Component\\Console\\Input\\ArgvInput), Object(Symfony\\Component\\Console\\Output\\ConsoleOutput))
#14 /mnt/c/Users/koude/Eshop/vendor/laravel/framework/src/Illuminate/Foundation/Console/Kernel.php(131): Illuminate\\Console\\Application->run(Object(Symfony\\Component\\Console\\Input\\ArgvInput), Object(Symfony\\Component\\Console\\Output\\ConsoleOutput))
#15 /mnt/c/Users/koude/Eshop/artisan(37): Illuminate\\Foundation\\Console\\Kernel->handle(Object(Symfony\\Component\\Console\\Input\\ArgvInput), Object(Symfony\\Component\\Console\\Output\\ConsoleOutput))
#16 {main}
"} 
[2020-03-16 19:48:49] local.ERROR: Argument 1 passed to Mpociot\ApiDoc\Matching\RouteMatcher::getRoutes() must be of the type array, null given, called in /mnt/c/Users/koude/Eshop/vendor/mpociot/laravel-apidoc-generator/src/Commands/GenerateDocumentation.php on line 66 {"exception":"[object] (Symfony\\Component\\Debug\\Exception\\FatalThrowableError(code: 0): Argument 1 passed to Mpociot\\ApiDoc\\Matching\\RouteMatcher::getRoutes() must be of the type array, null given, called in /mnt/c/Users/koude/Eshop/vendor/mpociot/laravel-apidoc-generator/src/Commands/GenerateDocumentation.php on line 66 at /mnt/c/Users/koude/Eshop/vendor/mpociot/laravel-apidoc-generator/src/Matching/RouteMatcher.php:13)
[stacktrace]
#0 /mnt/c/Users/koude/Eshop/vendor/mpociot/laravel-apidoc-generator/src/Commands/GenerateDocumentation.php(66): Mpociot\\ApiDoc\\Matching\\RouteMatcher->getRoutes(NULL, NULL)
#1 [internal function]: Mpociot\\ApiDoc\\Commands\\GenerateDocumentation->handle(Object(Mpociot\\ApiDoc\\Matching\\RouteMatcher))
#2 /mnt/c/Users/koude/Eshop/vendor/laravel/framework/src/Illuminate/Container/BoundMethod.php(32): call_user_func_array(Array, Array)
#3 /mnt/c/Users/koude/Eshop/vendor/laravel/framework/src/Illuminate/Container/Util.php(36): Illuminate\\Container\\BoundMethod::Illuminate\\Container\\{closure}()
#4 /mnt/c/Users/koude/Eshop/vendor/laravel/framework/src/Illuminate/Container/BoundMethod.php(90): Illuminate\\Container\\Util::unwrapIfClosure(Object(Closure))
#5 /mnt/c/Users/koude/Eshop/vendor/laravel/framework/src/Illuminate/Container/BoundMethod.php(34): Illuminate\\Container\\BoundMethod::callBoundMethod(Object(Illuminate\\Foundation\\Application), Array, Object(Closure))
#6 /mnt/c/Users/koude/Eshop/vendor/laravel/framework/src/Illuminate/Container/Container.php(590): Illuminate\\Container\\BoundMethod::call(Object(Illuminate\\Foundation\\Application), Array, Array, NULL)
#7 /mnt/c/Users/koude/Eshop/vendor/laravel/framework/src/Illuminate/Console/Command.php(134): Illuminate\\Container\\Container->call(Array)
#8 /mnt/c/Users/koude/Eshop/vendor/symfony/console/Command/Command.php(255): Illuminate\\Console\\Command->execute(Object(Symfony\\Component\\Console\\Input\\ArgvInput), Object(Illuminate\\Console\\OutputStyle))
#9 /mnt/c/Users/koude/Eshop/vendor/laravel/framework/src/Illuminate/Console/Command.php(121): Symfony\\Component\\Console\\Command\\Command->run(Object(Symfony\\Component\\Console\\Input\\ArgvInput), Object(Illuminate\\Console\\OutputStyle))
#10 /mnt/c/Users/koude/Eshop/vendor/symfony/console/Application.php(1001): Illuminate\\Console\\Command->run(Object(Symfony\\Component\\Console\\Input\\ArgvInput), Object(Symfony\\Component\\Console\\Output\\ConsoleOutput))
#11 /mnt/c/Users/koude/Eshop/vendor/symfony/console/Application.php(271): Symfony\\Component\\Console\\Application->doRunCommand(Object(Mpociot\\ApiDoc\\Commands\\GenerateDocumentation), Object(Symfony\\Component\\Console\\Input\\ArgvInput), Object(Symfony\\Component\\Console\\Output\\ConsoleOutput))
#12 /mnt/c/Users/koude/Eshop/vendor/symfony/console/Application.php(147): Symfony\\Component\\Console\\Application->doRun(Object(Symfony\\Component\\Console\\Input\\ArgvInput), Object(Symfony\\Component\\Console\\Output\\ConsoleOutput))
#13 /mnt/c/Users/koude/Eshop/vendor/laravel/framework/src/Illuminate/Console/Application.php(93): Symfony\\Component\\Console\\Application->run(Object(Symfony\\Component\\Console\\Input\\ArgvInput), Object(Symfony\\Component\\Console\\Output\\ConsoleOutput))
#14 /mnt/c/Users/koude/Eshop/vendor/laravel/framework/src/Illuminate/Foundation/Console/Kernel.php(131): Illuminate\\Console\\Application->run(Object(Symfony\\Component\\Console\\Input\\ArgvInput), Object(Symfony\\Component\\Console\\Output\\ConsoleOutput))
#15 /mnt/c/Users/koude/Eshop/artisan(37): Illuminate\\Foundation\\Console\\Kernel->handle(Object(Symfony\\Component\\Console\\Input\\ArgvInput), Object(Symfony\\Component\\Console\\Output\\ConsoleOutput))
#16 {main}
"} 
[2020-03-16 19:50:19] local.ERROR: Argument 1 passed to Mpociot\ApiDoc\Tools\DocumentationConfig::__construct() must be of the type array, null given, called in /mnt/c/Users/koude/Eshop/vendor/mpociot/laravel-apidoc-generator/src/Commands/GenerateDocumentation.php on line 61 {"exception":"[object] (Symfony\\Component\\Debug\\Exception\\FatalThrowableError(code: 0): Argument 1 passed to Mpociot\\ApiDoc\\Tools\\DocumentationConfig::__construct() must be of the type array, null given, called in /mnt/c/Users/koude/Eshop/vendor/mpociot/laravel-apidoc-generator/src/Commands/GenerateDocumentation.php on line 61 at /mnt/c/Users/koude/Eshop/vendor/mpociot/laravel-apidoc-generator/src/Tools/DocumentationConfig.php:9)
[stacktrace]
#0 /mnt/c/Users/koude/Eshop/vendor/mpociot/laravel-apidoc-generator/src/Commands/GenerateDocumentation.php(61): Mpociot\\ApiDoc\\Tools\\DocumentationConfig->__construct(NULL)
#1 [internal function]: Mpociot\\ApiDoc\\Commands\\GenerateDocumentation->handle(Object(Mpociot\\ApiDoc\\Matching\\RouteMatcher))
#2 /mnt/c/Users/koude/Eshop/vendor/laravel/framework/src/Illuminate/Container/BoundMethod.php(32): call_user_func_array(Array, Array)
#3 /mnt/c/Users/koude/Eshop/vendor/laravel/framework/src/Illuminate/Container/Util.php(36): Illuminate\\Container\\BoundMethod::Illuminate\\Container\\{closure}()
#4 /mnt/c/Users/koude/Eshop/vendor/laravel/framework/src/Illuminate/Container/BoundMethod.php(90): Illuminate\\Container\\Util::unwrapIfClosure(Object(Closure))
#5 /mnt/c/Users/koude/Eshop/vendor/laravel/framework/src/Illuminate/Container/BoundMethod.php(34): Illuminate\\Container\\BoundMethod::callBoundMethod(Object(Illuminate\\Foundation\\Application), Array, Object(Closure))
#6 /mnt/c/Users/koude/Eshop/vendor/laravel/framework/src/Illuminate/Container/Container.php(590): Illuminate\\Container\\BoundMethod::call(Object(Illuminate\\Foundation\\Application), Array, Array, NULL)
#7 /mnt/c/Users/koude/Eshop/vendor/laravel/framework/src/Illuminate/Console/Command.php(134): Illuminate\\Container\\Container->call(Array)
#8 /mnt/c/Users/koude/Eshop/vendor/symfony/console/Command/Command.php(255): Illuminate\\Console\\Command->execute(Object(Symfony\\Component\\Console\\Input\\ArgvInput), Object(Illuminate\\Console\\OutputStyle))
#9 /mnt/c/Users/koude/Eshop/vendor/laravel/framework/src/Illuminate/Console/Command.php(121): Symfony\\Component\\Console\\Command\\Command->run(Object(Symfony\\Component\\Console\\Input\\ArgvInput), Object(Illuminate\\Console\\OutputStyle))
#10 /mnt/c/Users/koude/Eshop/vendor/symfony/console/Application.php(1001): Illuminate\\Console\\Command->run(Object(Symfony\\Component\\Console\\Input\\ArgvInput), Object(Symfony\\Component\\Console\\Output\\ConsoleOutput))
#11 /mnt/c/Users/koude/Eshop/vendor/symfony/console/Application.php(271): Symfony\\Component\\Console\\Application->doRunCommand(Object(Mpociot\\ApiDoc\\Commands\\GenerateDocumentation), Object(Symfony\\Component\\Console\\Input\\ArgvInput), Object(Symfony\\Component\\Console\\Output\\ConsoleOutput))
#12 /mnt/c/Users/koude/Eshop/vendor/symfony/console/Application.php(147): Symfony\\Component\\Console\\Application->doRun(Object(Symfony\\Component\\Console\\Input\\ArgvInput), Object(Symfony\\Component\\Console\\Output\\ConsoleOutput))
#13 /mnt/c/Users/koude/Eshop/vendor/laravel/framework/src/Illuminate/Console/Application.php(93): Symfony\\Component\\Console\\Application->run(Object(Symfony\\Component\\Console\\Input\\ArgvInput), Object(Symfony\\Component\\Console\\Output\\ConsoleOutput))
#14 /mnt/c/Users/koude/Eshop/vendor/laravel/framework/src/Illuminate/Foundation/Console/Kernel.php(131): Illuminate\\Console\\Application->run(Object(Symfony\\Component\\Console\\Input\\ArgvInput), Object(Symfony\\Component\\Console\\Output\\ConsoleOutput))
#15 /mnt/c/Users/koude/Eshop/artisan(37): Illuminate\\Foundation\\Console\\Kernel->handle(Object(Symfony\\Component\\Console\\Input\\ArgvInput), Object(Symfony\\Component\\Console\\Output\\ConsoleOutput))
#16 {main}
"} 
[2020-03-16 19:53:23] local.ERROR: Argument 1 passed to Mpociot\ApiDoc\Tools\DocumentationConfig::__construct() must be of the type array, null given, called in /mnt/c/Users/koude/Eshop/vendor/mpociot/laravel-apidoc-generator/src/Commands/GenerateDocumentation.php on line 61 {"exception":"[object] (Symfony\\Component\\Debug\\Exception\\FatalThrowableError(code: 0): Argument 1 passed to Mpociot\\ApiDoc\\Tools\\DocumentationConfig::__construct() must be of the type array, null given, called in /mnt/c/Users/koude/Eshop/vendor/mpociot/laravel-apidoc-generator/src/Commands/GenerateDocumentation.php on line 61 at /mnt/c/Users/koude/Eshop/vendor/mpociot/laravel-apidoc-generator/src/Tools/DocumentationConfig.php:9)
[stacktrace]
#0 /mnt/c/Users/koude/Eshop/vendor/mpociot/laravel-apidoc-generator/src/Commands/GenerateDocumentation.php(61): Mpociot\\ApiDoc\\Tools\\DocumentationConfig->__construct(NULL)
#1 [internal function]: Mpociot\\ApiDoc\\Commands\\GenerateDocumentation->handle(Object(Mpociot\\ApiDoc\\Matching\\RouteMatcher))
#2 /mnt/c/Users/koude/Eshop/vendor/laravel/framework/src/Illuminate/Container/BoundMethod.php(32): call_user_func_array(Array, Array)
#3 /mnt/c/Users/koude/Eshop/vendor/laravel/framework/src/Illuminate/Container/Util.php(36): Illuminate\\Container\\BoundMethod::Illuminate\\Container\\{closure}()
#4 /mnt/c/Users/koude/Eshop/vendor/laravel/framework/src/Illuminate/Container/BoundMethod.php(90): Illuminate\\Container\\Util::unwrapIfClosure(Object(Closure))
#5 /mnt/c/Users/koude/Eshop/vendor/laravel/framework/src/Illuminate/Container/BoundMethod.php(34): Illuminate\\Container\\BoundMethod::callBoundMethod(Object(Illuminate\\Foundation\\Application), Array, Object(Closure))
#6 /mnt/c/Users/koude/Eshop/vendor/laravel/framework/src/Illuminate/Container/Container.php(590): Illuminate\\Container\\BoundMethod::call(Object(Illuminate\\Foundation\\Application), Array, Array, NULL)
#7 /mnt/c/Users/koude/Eshop/vendor/laravel/framework/src/Illuminate/Console/Command.php(134): Illuminate\\Container\\Container->call(Array)
#8 /mnt/c/Users/koude/Eshop/vendor/symfony/console/Command/Command.php(255): Illuminate\\Console\\Command->execute(Object(Symfony\\Component\\Console\\Input\\ArgvInput), Object(Illuminate\\Console\\OutputStyle))
#9 /mnt/c/Users/koude/Eshop/vendor/laravel/framework/src/Illuminate/Console/Command.php(121): Symfony\\Component\\Console\\Command\\Command->run(Object(Symfony\\Component\\Console\\Input\\ArgvInput), Object(Illuminate\\Console\\OutputStyle))
#10 /mnt/c/Users/koude/Eshop/vendor/symfony/console/Application.php(1001): Illuminate\\Console\\Command->run(Object(Symfony\\Component\\Console\\Input\\ArgvInput), Object(Symfony\\Component\\Console\\Output\\ConsoleOutput))
#11 /mnt/c/Users/koude/Eshop/vendor/symfony/console/Application.php(271): Symfony\\Component\\Console\\Application->doRunCommand(Object(Mpociot\\ApiDoc\\Commands\\GenerateDocumentation), Object(Symfony\\Component\\Console\\Input\\ArgvInput), Object(Symfony\\Component\\Console\\Output\\ConsoleOutput))
#12 /mnt/c/Users/koude/Eshop/vendor/symfony/console/Application.php(147): Symfony\\Component\\Console\\Application->doRun(Object(Symfony\\Component\\Console\\Input\\ArgvInput), Object(Symfony\\Component\\Console\\Output\\ConsoleOutput))
#13 /mnt/c/Users/koude/Eshop/vendor/laravel/framework/src/Illuminate/Console/Application.php(93): Symfony\\Component\\Console\\Application->run(Object(Symfony\\Component\\Console\\Input\\ArgvInput), Object(Symfony\\Component\\Console\\Output\\ConsoleOutput))
#14 /mnt/c/Users/koude/Eshop/vendor/laravel/framework/src/Illuminate/Foundation/Console/Kernel.php(131): Illuminate\\Console\\Application->run(Object(Symfony\\Component\\Console\\Input\\ArgvInput), Object(Symfony\\Component\\Console\\Output\\ConsoleOutput))
#15 /mnt/c/Users/koude/Eshop/artisan(37): Illuminate\\Foundation\\Console\\Kernel->handle(Object(Symfony\\Component\\Console\\Input\\ArgvInput), Object(Symfony\\Component\\Console\\Output\\ConsoleOutput))
#16 {main}
"} 
[2020-03-16 20:35:00] local.ERROR: There are no commands defined in the "apidoc" namespace. {"exception":"[object] (Symfony\\Component\\Console\\Exception\\NamespaceNotFoundException(code: 0): There are no commands defined in the \"apidoc\" namespace. at /mnt/c/Users/koude/Eshop/vendor/symfony/console/Application.php:597)
[stacktrace]
#0 /mnt/c/Users/koude/Eshop/vendor/symfony/console/Application.php(650): Symfony\\Component\\Console\\Application->findNamespace('apidoc')
#1 /mnt/c/Users/koude/Eshop/vendor/symfony/console/Application.php(235): Symfony\\Component\\Console\\Application->find('apidoc:generate')
#2 /mnt/c/Users/koude/Eshop/vendor/symfony/console/Application.php(147): Symfony\\Component\\Console\\Application->doRun(Object(Symfony\\Component\\Console\\Input\\ArgvInput), Object(Symfony\\Component\\Console\\Output\\ConsoleOutput))
#3 /mnt/c/Users/koude/Eshop/vendor/laravel/framework/src/Illuminate/Console/Application.php(93): Symfony\\Component\\Console\\Application->run(Object(Symfony\\Component\\Console\\Input\\ArgvInput), Object(Symfony\\Component\\Console\\Output\\ConsoleOutput))
#4 /mnt/c/Users/koude/Eshop/vendor/laravel/framework/src/Illuminate/Foundation/Console/Kernel.php(131): Illuminate\\Console\\Application->run(Object(Symfony\\Component\\Console\\Input\\ArgvInput), Object(Symfony\\Component\\Console\\Output\\ConsoleOutput))
#5 /mnt/c/Users/koude/Eshop/artisan(37): Illuminate\\Foundation\\Console\\Kernel->handle(Object(Symfony\\Component\\Console\\Input\\ArgvInput), Object(Symfony\\Component\\Console\\Output\\ConsoleOutput))
#6 {main}
"} 
[2020-03-16 20:35:10] local.ERROR: There are no commands defined in the "api" namespace. {"exception":"[object] (Symfony\\Component\\Console\\Exception\\NamespaceNotFoundException(code: 0): There are no commands defined in the \"api\" namespace. at /mnt/c/Users/koude/Eshop/vendor/symfony/console/Application.php:597)
[stacktrace]
#0 /mnt/c/Users/koude/Eshop/vendor/symfony/console/Application.php(650): Symfony\\Component\\Console\\Application->findNamespace('api')
#1 /mnt/c/Users/koude/Eshop/vendor/symfony/console/Application.php(235): Symfony\\Component\\Console\\Application->find('api:generate')
#2 /mnt/c/Users/koude/Eshop/vendor/symfony/console/Application.php(147): Symfony\\Component\\Console\\Application->doRun(Object(Symfony\\Component\\Console\\Input\\ArgvInput), Object(Symfony\\Component\\Console\\Output\\ConsoleOutput))
#3 /mnt/c/Users/koude/Eshop/vendor/laravel/framework/src/Illuminate/Console/Application.php(93): Symfony\\Component\\Console\\Application->run(Object(Symfony\\Component\\Console\\Input\\ArgvInput), Object(Symfony\\Component\\Console\\Output\\ConsoleOutput))
#4 /mnt/c/Users/koude/Eshop/vendor/laravel/framework/src/Illuminate/Foundation/Console/Kernel.php(131): Illuminate\\Console\\Application->run(Object(Symfony\\Component\\Console\\Input\\ArgvInput), Object(Symfony\\Component\\Console\\Output\\ConsoleOutput))
#5 /mnt/c/Users/koude/Eshop/artisan(37): Illuminate\\Foundation\\Console\\Kernel->handle(Object(Symfony\\Component\\Console\\Input\\ArgvInput), Object(Symfony\\Component\\Console\\Output\\ConsoleOutput))
#6 {main}
"} 
